# JRE version: OpenJDK Runtime Environment Temurin-21.0.10+7 (21.0.10+7) (build 21.0.10+7-LTS)
# Java VM: OpenJDK 64-Bit Server VM Temurin-21.0.10+7 (21.0.10+7-LTS, mixed mode, sharing, tiered, compressed oops, compressed class ptrs, parallel gc, windows-amd64)
GC Precious Log:
 CardTable entry size: 512
 CPUs: 4 total, 4 available
 Memory: 4006M
 Large Page Support: Disabled
 NUMA Support: Disabled
 Compressed Oops: Enabled (32-bit)
 Alignments: Space 512K, Generation 512K, Heap 2M
 Heap Min Capacity: 100M
 Heap Initial Capacity: 100M
 Heap Max Capacity: 2G
 Pre-touch: Disabled
 Parallel Workers: 4
Heap:
 PSYoungGen      total 7680K, used 1121K [0x00000000d5580000, 0x00000000d6000000, 0x0000000100000000)
  eden space 6656K, 1% used [0x00000000d5580000,0x00000000d55985e8,0x00000000d5c00000)
  from space 1024K, 100% used [0x00000000d5f00000,0x00000000d6000000,0x00000000d6000000)
  to   space 1536K, 0% used [0x00000000d5d00000,0x00000000d5d00000,0x00000000d5e80000)
 ParOldGen       total 678912K, used 282155K [0x0000000080000000, 0x00000000a9700000, 0x00000000d5580000)
  object space 678912K, 41% used [0x0000000080000000,0x000000009138aeb8,0x00000000a9700000)
 Metaspace       used 83026K, committed 84736K, reserved 1179648K
  class space    used 8686K, committed 9408K, reserved 1048576K
GC Heap History (20 events):
Event: 6174.422 GC heap before
{Heap before GC invocations=959 (full 4):
 PSYoungGen      total 8704K, used 8384K [0x00000000d5580000, 0x00000000d6400000, 0x0000000100000000)
  eden space 8192K, 100% used [0x00000000d5580000,0x00000000d5d80000,0x00000000d5d80000)
  from space 512K, 37% used [0x00000000d6380000,0x00000000d63b0020,0x00000000d6400000)
  to   space 512K, 0% used [0x00000000d6300000,0x00000000d6300000,0x00000000d6380000)
 ParOldGen       total 678912K, used 270526K [0x0000000080000000, 0x00000000a9700000, 0x00000000d5580000)
  object space 678912K, 39% used [0x0000000080000000,0x000000009082fa78,0x00000000a9700000)
 Metaspace       used 82760K, committed 84416K, reserved 1179648K
  class space    used 8681K, committed 9408K, reserved 1048576K
}
Event: 6174.759 GC heap after
{Heap after GC invocations=959 (full 4):
 PSYoungGen      total 8704K, used 512K [0x00000000d5580000, 0x00000000d6400000, 0x0000000100000000)
  eden space 8192K, 0% used [0x00000000d5580000,0x00000000d5580000,0x00000000d5d80000)
  from space 512K, 100% used [0x00000000d6300000,0x00000000d6380000,0x00000000d6380000)
  to   space 512K, 0% used [0x00000000d6380000,0x00000000d6380000,0x00000000d6400000)
 ParOldGen       total 678912K, used 271094K [0x0000000080000000, 0x00000000a9700000, 0x00000000d5580000)
  object space 678912K, 39% used [0x0000000080000000,0x00000000908bd870,0x00000000a9700000)
 Metaspace       used 82760K, committed 84416K, reserved 1179648K
  class space    used 8681K, committed 9408K, reserved 1048576K
}
Event: 6181.622 GC heap before
{Heap before GC invocations=960 (full 4):
 PSYoungGen      total 8704K, used 8704K [0x00000000d5580000, 0x00000000d6400000, 0x0000000100000000)
  eden space 8192K, 100% used [0x00000000d5580000,0x00000000d5d80000,0x00000000d5d80000)
  from space 512K, 100% used [0x00000000d6300000,0x00000000d6380000,0x00000000d6380000)
  to   space 512K, 0% used [0x00000000d6380000,0x00000000d6380000,0x00000000d6400000)
 ParOldGen       total 678912K, used 271094K [0x0000000080000000, 0x00000000a9700000, 0x00000000d5580000)
  object space 678912K, 39% used [0x0000000080000000,0x00000000908bd870,0x00000000a9700000)
 Metaspace       used 82810K, committed 84480K, reserved 1179648K
  class space    used 8682K, committed 9408K, reserved 1048576K
}
Event: 6181.646 GC heap after
{Heap after GC invocations=960 (full 4):
 PSYoungGen      total 8704K, used 496K [0x00000000d5580000, 0x00000000d6400000, 0x0000000100000000)
  eden space 8192K, 0% used [0x00000000d5580000,0x00000000d5580000,0x00000000d5d80000)
  from space 512K, 96% used [0x00000000d6380000,0x00000000d63fc050,0x00000000d6400000)
  to   space 2560K, 0% used [0x00000000d5f00000,0x00000000d5f00000,0x00000000d6180000)
 ParOldGen       total 678912K, used 272769K [0x0000000080000000, 0x00000000a9700000, 0x00000000d5580000)
  object space 678912K, 40% used [0x0000000080000000,0x0000000090a607b8,0x00000000a9700000)
 Metaspace       used 82810K, committed 84480K, reserved 1179648K
  class space    used 8682K, committed 9408K, reserved 1048576K
}
Event: 6185.897 GC heap before
{Heap before GC invocations=961 (full 4):
 PSYoungGen      total 8704K, used 8688K [0x00000000d5580000, 0x00000000d6400000, 0x0000000100000000)
  eden space 8192K, 100% used [0x00000000d5580000,0x00000000d5d80000,0x00000000d5d80000)
  from space 512K, 96% used [0x00000000d6380000,0x00000000d63fc050,0x00000000d6400000)
  to   space 2560K, 0% used [0x00000000d5f00000,0x00000000d5f00000,0x00000000d6180000)
 ParOldGen       total 678912K, used 272769K [0x0000000080000000, 0x00000000a9700000, 0x00000000d5580000)
  object space 678912K, 40% used [0x0000000080000000,0x0000000090a607b8,0x00000000a9700000)
 Metaspace       used 82873K, committed 84544K, reserved 1179648K
  class space    used 8682K, committed 9408K, reserved 1048576K
}
Event: 6185.929 GC heap after
{Heap after GC invocations=961 (full 4):
 PSYoungGen      total 10752K, used 2069K [0x00000000d5580000, 0x00000000d6400000, 0x0000000100000000)
  eden space 8192K, 0% used [0x00000000d5580000,0x00000000d5580000,0x00000000d5d80000)
  from space 2560K, 80% used [0x00000000d5f00000,0x00000000d6105790,0x00000000d6180000)
  to   space 2560K, 0% used [0x00000000d6180000,0x00000000d6180000,0x00000000d6400000)
 ParOldGen       total 678912K, used 273242K [0x0000000080000000, 0x00000000a9700000, 0x00000000d5580000)
  object space 678912K, 40% used [0x0000000080000000,0x0000000090ad6870,0x00000000a9700000)
 Metaspace       used 82873K, committed 84544K, reserved 1179648K
  class space    used 8682K, committed 9408K, reserved 1048576K
}
Event: 6190.368 GC heap before
{Heap before GC invocations=962 (full 4):
 PSYoungGen      total 10752K, used 10261K [0x00000000d5580000, 0x00000000d6400000, 0x0000000100000000)
  eden space 8192K, 100% used [0x00000000d5580000,0x00000000d5d80000,0x00000000d5d80000)
  from space 2560K, 80% used [0x00000000d5f00000,0x00000000d6105790,0x00000000d6180000)
  to   space 2560K, 0% used [0x00000000d6180000,0x00000000d6180000,0x00000000d6400000)
 ParOldGen       total 678912K, used 273242K [0x0000000080000000, 0x00000000a9700000, 0x00000000d5580000)
  object space 678912K, 40% used [0x0000000080000000,0x0000000090ad6870,0x00000000a9700000)
 Metaspace       used 82873K, committed 84544K, reserved 1179648K
  class space    used 8682K, committed 9408K, reserved 1048576K
}
Event: 6190.382 GC heap after
{Heap after GC invocations=962 (full 4):
 PSYoungGen      total 10752K, used 2151K [0x00000000d5580000, 0x00000000d6400000, 0x0000000100000000)
  eden space 8192K, 0% used [0x00000000d5580000,0x00000000d5580000,0x00000000d5d80000)
  from space 2560K, 84% used [0x00000000d6180000,0x00000000d6399c50,0x00000000d6400000)
  to   space 2560K, 0% used [0x00000000d5f00000,0x00000000d5f00000,0x00000000d6180000)
 ParOldGen       total 678912K, used 273590K [0x0000000080000000, 0x00000000a9700000, 0x00000000d5580000)
  object space 678912K, 40% used [0x0000000080000000,0x0000000090b2dae8,0x00000000a9700000)
 Metaspace       used 82873K, committed 84544K, reserved 1179648K
  class space    used 8682K, committed 9408K, reserved 1048576K
}
Event: 6212.710 GC heap before
{Heap before GC invocations=963 (full 4):
 PSYoungGen      total 10752K, used 10343K [0x00000000d5580000, 0x00000000d6400000, 0x0000000100000000)
  eden space 8192K, 99% used [0x00000000d5580000,0x00000000d5d7ffe0,0x00000000d5d80000)
  from space 2560K, 84% used [0x00000000d6180000,0x00000000d6399c50,0x00000000d6400000)
  to   space 2560K, 0% used [0x00000000d5f00000,0x00000000d5f00000,0x00000000d6180000)
 ParOldGen       total 678912K, used 273590K [0x0000000080000000, 0x00000000a9700000, 0x00000000d5580000)
  object space 678912K, 40% used [0x0000000080000000,0x0000000090b2dae8,0x00000000a9700000)
 Metaspace       used 82900K, committed 84608K, reserved 1179648K
  class space    used 8682K, committed 9408K, reserved 1048576K
}
Event: 6212.742 GC heap after
{Heap after GC invocations=963 (full 4):
 PSYoungGen      total 10752K, used 2336K [0x00000000d5580000, 0x00000000d6280000, 0x0000000100000000)
  eden space 8192K, 0% used [0x00000000d5580000,0x00000000d5580000,0x00000000d5d80000)
  from space 2560K, 91% used [0x00000000d5f00000,0x00000000d6148100,0x00000000d6180000)
  to   space 1024K, 0% used [0x00000000d6180000,0x00000000d6180000,0x00000000d6280000)
 ParOldGen       total 678912K, used 275709K [0x0000000080000000, 0x00000000a9700000, 0x00000000d5580000)
  object space 678912K, 40% used [0x0000000080000000,0x0000000090d3f738,0x00000000a9700000)
 Metaspace       used 82900K, committed 84608K, reserved 1179648K
  class space    used 8682K, committed 9408K, reserved 1048576K
}
Event: 6215.358 GC heap before
{Heap before GC invocations=964 (full 4):
 PSYoungGen      total 10752K, used 10528K [0x00000000d5580000, 0x00000000d6280000, 0x0000000100000000)
  eden space 8192K, 100% used [0x00000000d5580000,0x00000000d5d80000,0x00000000d5d80000)
  from space 2560K, 91% used [0x00000000d5f00000,0x00000000d6148100,0x00000000d6180000)
  to   space 1024K, 0% used [0x00000000d6180000,0x00000000d6180000,0x00000000d6280000)
 ParOldGen       total 678912K, used 275709K [0x0000000080000000, 0x00000000a9700000, 0x00000000d5580000)
  object space 678912K, 40% used [0x0000000080000000,0x0000000090d3f738,0x00000000a9700000)
 Metaspace       used 82954K, committed 84672K, reserved 1179648K
  class space    used 8686K, committed 9408K, reserved 1048576K
}
Event: 6215.410 GC heap after
{Heap after GC invocations=964 (full 4):
 PSYoungGen      total 7680K, used 992K [0x00000000d5580000, 0x00000000d6880000, 0x0000000100000000)
  eden space 6656K, 0% used [0x00000000d5580000,0x00000000d5580000,0x00000000d5c00000)
  from space 1024K, 96% used [0x00000000d6180000,0x00000000d62780d0,0x00000000d6280000)
  to   space 5632K, 0% used [0x00000000d5c00000,0x00000000d5c00000,0x00000000d6180000)
 ParOldGen       total 678912K, used 279600K [0x0000000080000000, 0x00000000a9700000, 0x00000000d5580000)
  object space 678912K, 41% used [0x0000000080000000,0x000000009110c2e0,0x00000000a9700000)
 Metaspace       used 82954K, committed 84672K, reserved 1179648K
  class space    used 8686K, committed 9408K, reserved 1048576K
}
Event: 6215.646 GC heap before
{Heap before GC invocations=965 (full 4):
 PSYoungGen      total 7680K, used 7648K [0x00000000d5580000, 0x00000000d6880000, 0x0000000100000000)
  eden space 6656K, 100% used [0x00000000d5580000,0x00000000d5c00000,0x00000000d5c00000)
  from space 1024K, 96% used [0x00000000d6180000,0x00000000d62780d0,0x00000000d6280000)
  to   space 5632K, 0% used [0x00000000d5c00000,0x00000000d5c00000,0x00000000d6180000)
 ParOldGen       total 678912K, used 279600K [0x0000000080000000, 0x00000000a9700000, 0x00000000d5580000)
  object space 678912K, 41% used [0x0000000080000000,0x000000009110c2e0,0x00000000a9700000)
 Metaspace       used 82961K, committed 84672K, reserved 1179648K
  class space    used 8686K, committed 9408K, reserved 1048576K
}
Event: 6215.663 GC heap after
{Heap after GC invocations=965 (full 4):
 PSYoungGen      total 7680K, used 794K [0x00000000d5580000, 0x00000000d6200000, 0x0000000100000000)
  eden space 6656K, 0% used [0x00000000d5580000,0x00000000d5580000,0x00000000d5c00000)
  from space 1024K, 77% used [0x00000000d5c00000,0x00000000d5cc6928,0x00000000d5d00000)
  to   space 2560K, 0% used [0x00000000d5f80000,0x00000000d5f80000,0x00000000d6200000)
 ParOldGen       total 678912K, used 280595K [0x0000000080000000, 0x00000000a9700000, 0x00000000d5580000)
  object space 678912K, 41% used [0x0000000080000000,0x0000000091204c08,0x00000000a9700000)
 Metaspace       used 82961K, committed 84672K, reserved 1179648K
  class space    used 8686K, committed 9408K, reserved 1048576K
}
Event: 6217.035 GC heap before
{Heap before GC invocations=966 (full 4):
 PSYoungGen      total 7680K, used 7446K [0x00000000d5580000, 0x00000000d6200000, 0x0000000100000000)
  eden space 6656K, 99% used [0x00000000d5580000,0x00000000d5bfefd8,0x00000000d5c00000)
  from space 1024K, 77% used [0x00000000d5c00000,0x00000000d5cc6928,0x00000000d5d00000)
  to   space 2560K, 0% used [0x00000000d5f80000,0x00000000d5f80000,0x00000000d6200000)
 ParOldGen       total 678912K, used 280595K [0x0000000080000000, 0x00000000a9700000, 0x00000000d5580000)
  object space 678912K, 41% used [0x0000000080000000,0x0000000091204c08,0x00000000a9700000)
 Metaspace       used 82976K, committed 84672K, reserved 1179648K
  class space    used 8686K, committed 9408K, reserved 1048576K
}
Event: 6217.048 GC heap after
{Heap after GC invocations=966 (full 4):
 PSYoungGen      total 7680K, used 864K [0x00000000d5580000, 0x00000000d6080000, 0x0000000100000000)
  eden space 6656K, 0% used [0x00000000d5580000,0x00000000d5580000,0x00000000d5c00000)
  from space 1024K, 84% used [0x00000000d5f80000,0x00000000d6058000,0x00000000d6080000)
  to   space 1536K, 0% used [0x00000000d5d80000,0x00000000d5d80000,0x00000000d5f00000)
 ParOldGen       total 678912K, used 281313K [0x0000000080000000, 0x00000000a9700000, 0x00000000d5580000)
  object space 678912K, 41% used [0x0000000080000000,0x00000000912b8540,0x00000000a9700000)
 Metaspace       used 82976K, committed 84672K, reserved 1179648K
  class space    used 8686K, committed 9408K, reserved 1048576K
}
Event: 7099.469 GC heap before
{Heap before GC invocations=967 (full 4):
 PSYoungGen      total 7680K, used 7520K [0x00000000d5580000, 0x00000000d6080000, 0x0000000100000000)
  eden space 6656K, 100% used [0x00000000d5580000,0x00000000d5c00000,0x00000000d5c00000)
  from space 1024K, 84% used [0x00000000d5f80000,0x00000000d6058000,0x00000000d6080000)
  to   space 1536K, 0% used [0x00000000d5d80000,0x00000000d5d80000,0x00000000d5f00000)
 ParOldGen       total 678912K, used 281313K [0x0000000080000000, 0x00000000a9700000, 0x00000000d5580000)
  object space 678912K, 41% used [0x0000000080000000,0x00000000912b8540,0x00000000a9700000)
 Metaspace       used 83008K, committed 84736K, reserved 1179648K
  class space    used 8686K, committed 9408K, reserved 1048576K
}
Event: 7099.781 GC heap after
{Heap after GC invocations=967 (full 4):
 PSYoungGen      total 8192K, used 368K [0x00000000d5580000, 0x00000000d6000000, 0x0000000100000000)
  eden space 6656K, 0% used [0x00000000d5580000,0x00000000d5580000,0x00000000d5c00000)
  from space 1536K, 23% used [0x00000000d5d80000,0x00000000d5ddc050,0x00000000d5f00000)
  to   space 1024K, 0% used [0x00000000d5f00000,0x00000000d5f00000,0x00000000d6000000)
 ParOldGen       total 678912K, used 282043K [0x0000000080000000, 0x00000000a9700000, 0x00000000d5580000)
  object space 678912K, 41% used [0x0000000080000000,0x000000009136ee30,0x00000000a9700000)
 Metaspace       used 83008K, committed 84736K, reserved 1179648K
  class space    used 8686K, committed 9408K, reserved 1048576K
}
Event: 7741.731 GC heap before
{Heap before GC invocations=968 (full 4):
 PSYoungGen      total 8192K, used 7024K [0x00000000d5580000, 0x00000000d6000000, 0x0000000100000000)
  eden space 6656K, 100% used [0x00000000d5580000,0x00000000d5c00000,0x00000000d5c00000)
  from space 1536K, 23% used [0x00000000d5d80000,0x00000000d5ddc050,0x00000000d5f00000)
  to   space 1024K, 0% used [0x00000000d5f00000,0x00000000d5f00000,0x00000000d6000000)
 ParOldGen       total 678912K, used 282043K [0x0000000080000000, 0x00000000a9700000, 0x00000000d5580000)
  object space 678912K, 41% used [0x0000000080000000,0x000000009136ee30,0x00000000a9700000)
 Metaspace       used 83026K, committed 84736K, reserved 1179648K
  class space    used 8686K, committed 9408K, reserved 1048576K
}
Event: 7742.043 GC heap after
{Heap after GC invocations=968 (full 4):
 PSYoungGen      total 7680K, used 1024K [0x00000000d5580000, 0x00000000d6000000, 0x0000000100000000)
  eden space 6656K, 0% used [0x00000000d5580000,0x00000000d5580000,0x00000000d5c00000)
  from space 1024K, 100% used [0x00000000d5f00000,0x00000000d6000000,0x00000000d6000000)
  to   space 1536K, 0% used [0x00000000d5d00000,0x00000000d5d00000,0x00000000d5e80000)
 ParOldGen       total 678912K, used 282155K [0x0000000080000000, 0x00000000a9700000, 0x00000000d5580000)
  object space 678912K, 41% used [0x0000000080000000,0x000000009138aeb8,0x00000000a9700000)
 Metaspace       used 83026K, committed 84736K, reserved 1179648K
  class space    used 8686K, committed 9408K, reserved 1048576K
}

