<?xml version="1.0" encoding="UTF-8"?>
<testsuite xmlns:xsi="http://www.w3.org/2001/XMLSchema-instance" xsi:noNamespaceSchemaLocation="https://maven.apache.org/surefire/maven-surefire-plugin/xsd/surefire-test-report.xsd" version="3.0.2" name="TestSuite" time="52.855" tests="2" errors="0" skipped="0" failures="0">
  <properties>
[...]
</properties>
  <testcase name="loginAdmin" classname="com.resireport.tests.LoginTest" time="18.853">
    <system-out><![CDATA[Captura guardada: C:\Users\TOSHIBA\Documents\U\2026-1\Pruebas\Automatizaciones\screenshots\01_datos_ingresados_20260515_165005.png
Captura guardada: C:\Users\TOSHIBA\Documents\U\2026-1\Pruebas\Automatizaciones\screenshots\02_sesion_iniciada_20260515_165013.png
]]></system-out>
    <system-err><![CDATA[SLF4J(W): No SLF4J providers were found.
SLF4J(W): Defaulting to no-operation (NOP) logger implementation
SLF4J(W): See https://www.slf4j.org/codes.html#noProviders for further details.
may 15, 2026 4:49:55 P. M. org.openqa.selenium.devtools.CdpVersionFinder findNearestMatch
WARNING: Unable to find CDP implementation matching 148
may 15, 2026 4:49:55 P. M. org.openqa.selenium.chromium.ChromiumDriver lambda$new$5
WARNING: Unable to find version of CDP to use for 148.0.7778.168. You may need to include a dependency on a specific version of the CDP using something similar to `org.seleniumhq.selenium:selenium-devtools-v86:4.21.0` where the version ("v86") matches the version of the chromium-based browser you're using and the version number of the artifact is the same as Selenium's.
ERROR StatusLogger Log4j2 could not find a logging implementation. Please add log4j-core to the classpath. Using SimpleLogger to log to the console...
]]></system-err>
  </testcase>
  <testcase name="loginFallido" classname="com.resireport.tests.LoginTest" time="14.804">
    <system-out><![CDATA[Captura guardada: C:\Users\TOSHIBA\Documents\U\2026-1\Pruebas\Automatizaciones\screenshots\03_login_fallido_datos_20260515_165027.png
Mensaje error encontrado:
Credenciales inválidas
Captura guardada: C:\Users\TOSHIBA\Documents\U\2026-1\Pruebas\Automatizaciones\screenshots\04_login_fallido_error_20260515_165034.png
]]></system-out>
    <system-err><![CDATA[may 15, 2026 4:50:21 P. M. org.openqa.selenium.devtools.CdpVersionFinder findNearestMatch
WARNING: Unable to find CDP implementation matching 148
may 15, 2026 4:50:21 P. M. org.openqa.selenium.chromium.ChromiumDriver lambda$new$5
WARNING: Unable to find version of CDP to use for 148.0.7778.168. You may need to include a dependency on a specific version of the CDP using something similar to `org.seleniumhq.selenium:selenium-devtools-v86:4.21.0` where the version ("v86") matches the version of the chromium-based browser you're using and the version number of the artifact is the same as Selenium's.
]]></system-err>
  </testcase>
</testsuite>