<?xml version="1.0" encoding="UTF-8"?>
<testng-results ignored="0" total="5" passed="3" failed="2" skipped="0">
  <reporter-output>
  </reporter-output>
  <suite started-at="2026-05-16T10:59:22 COT" name="Surefire suite" finished-at="2026-05-16T11:01:44 COT" duration-ms="141448">
    <groups>
    </groups>
    <test started-at="2026-05-16T10:59:22 COT" name="Surefire test" finished-at="2026-05-16T11:01:44 COT" duration-ms="141448">
      <class name="com.resireport.tests.CrearDenunciaTest">
        <test-method is-config="true" signature="setUp()[pri:0, instance:com.resireport.tests.CrearDenunciaTest@40ef3420]" started-at="2026-05-16T10:59:52 COT" name="setUp" finished-at="2026-05-16T11:00:01 COT" duration-ms="8496" status="PASS">
          <reporter-output>
          </reporter-output>
        </test-method> <!-- setUp -->
        <test-method signature="crearDenunciaResidente()[pri:0, instance:com.resireport.tests.CrearDenunciaTest@40ef3420]" started-at="2026-05-16T11:00:01 COT" name="crearDenunciaResidente" finished-at="2026-05-16T11:00:36 COT" duration-ms="34855" status="PASS">
          <reporter-output>
          </reporter-output>
        </test-method> <!-- crearDenunciaResidente -->
        <test-method is-config="true" signature="tearDown()[pri:0, instance:com.resireport.tests.CrearDenunciaTest@40ef3420]" started-at="2026-05-16T11:00:36 COT" name="tearDown" finished-at="2026-05-16T11:00:36 COT" duration-ms="566" status="PASS">
          <reporter-output>
          </reporter-output>
        </test-method> <!-- tearDown -->
      </class> <!-- com.resireport.tests.CrearDenunciaTest -->
      <class name="com.resireport.tests.CambiarPrioridadDenunciaTest">
        <test-method is-config="true" signature="setUp()[pri:0, instance:com.resireport.tests.CambiarPrioridadDenunciaTest@479d31f3]" started-at="2026-05-16T10:59:22 COT" name="setUp" finished-at="2026-05-16T10:59:35 COT" duration-ms="12143" status="PASS">
          <reporter-output>
          </reporter-output>
        </test-method> <!-- setUp -->
        <test-method signature="cambiarPrioridadDenuncia()[pri:0, instance:com.resireport.tests.CambiarPrioridadDenunciaTest@479d31f3]" started-at="2026-05-16T10:59:35 COT" name="cambiarPrioridadDenuncia" finished-at="2026-05-16T10:59:51 COT" duration-ms="16124" status="FAIL">
          <exception class="java.lang.AssertionError">
            <message>
              <![CDATA[La denuncia no tiene prioridad SIN ASIGNAR expected [true] but found [false]]]>
            </message>
            <full-stacktrace>
              <![CDATA[java.lang.AssertionError: La denuncia no tiene prioridad SIN ASIGNAR expected [true] but found [false]
at org.testng.Assert.fail(Assert.java:111)
at org.testng.Assert.failNotEquals(Assert.java:1578)
at org.testng.Assert.assertTrue(Assert.java:57)
at com.resireport.tests.CambiarPrioridadDenunciaTest.cambiarPrioridadDenuncia(CambiarPrioridadDenunciaTest.java:53)
at java.base/jdk.internal.reflect.DirectMethodHandleAccessor.invoke(DirectMethodHandleAccessor.java:103)
at java.base/java.lang.reflect.Method.invoke(Method.java:580)
at org.testng.internal.invokers.MethodInvocationHelper.invokeMethod(MethodInvocationHelper.java:141)
at org.testng.internal.invokers.TestInvoker.invokeMethod(TestInvoker.java:686)
at org.testng.internal.invokers.TestInvoker.invokeTestMethod(TestInvoker.java:230)
at org.testng.internal.invokers.MethodRunner.runInSequence(MethodRunner.java:63)
at org.testng.internal.invokers.TestInvoker$MethodInvocationAgent.invoke(TestInvoker.java:992)
at org.testng.internal.invokers.TestInvoker.invokeTestMethods(TestInvoker.java:203)
at org.testng.internal.invokers.TestMethodWorker.invokeTestMethods(TestMethodWorker.java:154)
at org.testng.internal.invokers.TestMethodWorker.run(TestMethodWorker.java:134)
at java.base/java.util.ArrayList.forEach(ArrayList.java:1597)
at org.testng.TestRunner.privateRun(TestRunner.java:739)
at org.testng.TestRunner.run(TestRunner.java:614)
at org.testng.SuiteRunner.runTest(SuiteRunner.java:421)
at org.testng.SuiteRunner.runSequentially(SuiteRunner.java:413)
at org.testng.SuiteRunner.privateRun(SuiteRunner.java:373)
at org.testng.SuiteRunner.run(SuiteRunner.java:312)
at org.testng.SuiteRunnerWorker.runSuite(SuiteRunnerWorker.java:52)
at org.testng.SuiteRunnerWorker.run(SuiteRunnerWorker.java:95)
at org.testng.TestNG.runSuitesSequentially(TestNG.java:1274)
at org.testng.TestNG.runSuitesLocally(TestNG.java:1208)
at org.testng.TestNG.runSuites(TestNG.java:1112)
at org.testng.TestNG.run(TestNG.java:1079)
at org.apache.maven.surefire.testng.TestNGExecutor.run(TestNGExecutor.java:155)
at org.apache.maven.surefire.testng.TestNGDirectoryTestSuite.executeMulti(TestNGDirectoryTestSuite.java:169)
at org.apache.maven.surefire.testng.TestNGDirectoryTestSuite.execute(TestNGDirectoryTestSuite.java:88)
at org.apache.maven.surefire.testng.TestNGProvider.invoke(TestNGProvider.java:137)
at org.apache.maven.surefire.booter.ForkedBooter.runSuitesInProcess(ForkedBooter.java:385)
at org.apache.maven.surefire.booter.ForkedBooter.execute(ForkedBooter.java:162)
at org.apache.maven.surefire.booter.ForkedBooter.run(ForkedBooter.java:507)
at org.apache.maven.surefire.booter.ForkedBooter.main(ForkedBooter.java:495)
]]>
            </full-stacktrace>
          </exception> <!-- java.lang.AssertionError -->
          <reporter-output>
          </reporter-output>
        </test-method> <!-- cambiarPrioridadDenuncia -->
        <test-method is-config="true" signature="tearDown()[pri:0, instance:com.resireport.tests.CambiarPrioridadDenunciaTest@479d31f3]" started-at="2026-05-16T10:59:51 COT" name="tearDown" finished-at="2026-05-16T10:59:52 COT" duration-ms="1553" status="PASS">
          <reporter-output>
          </reporter-output>
        </test-method> <!-- tearDown -->
      </class> <!-- com.resireport.tests.CambiarPrioridadDenunciaTest -->
      <class name="com.resireport.tests.LoginTest">
        <test-method is-config="true" signature="setUp()[pri:0, instance:com.resireport.tests.LoginTest@6e171cd7]" started-at="2026-05-16T11:01:20 COT" name="setUp" finished-at="2026-05-16T11:01:24 COT" duration-ms="4279" status="PASS">
          <reporter-output>
          </reporter-output>
        </test-method> <!-- setUp -->
        <test-method signature="loginAdmin()[pri:0, instance:com.resireport.tests.LoginTest@6e171cd7]" started-at="2026-05-16T11:01:24 COT" name="loginAdmin" finished-at="2026-05-16T11:01:25 COT" duration-ms="1254" status="FAIL">
          <exception class="org.openqa.selenium.NoSuchElementException">
            <message>
              <![CDATA[no such element: Unable to locate element: {"method":"xpath","selector":"//*[@id="root"]/div/div/form/div[1]/input"}
  (Session info: chrome=148.0.7778.168)
For documentation on this error, please visit: https://www.selenium.dev/documentation/webdriver/troubleshooting/errors#no-such-element-exception
Build info: version: '4.21.0', revision: '79ed462ef4'
System info: os.name: 'Windows 10', os.arch: 'amd64', os.version: '10.0', java.version: '23.0.1'
Driver info: org.openqa.selenium.chrome.ChromeDriver
Command: [b5f9fa89636299b20bb891e4ed0d2813, findElement {using=xpath, value=//*[@id="root"]/div/div/form/div[1]/input}]
Capabilities {acceptInsecureCerts: false, browserName: chrome, browserVersion: 148.0.7778.168, chrome: {chromedriverVersion: 148.0.7778.167 (65db666ac2c..., userDataDir: C:\Users\TOSHIBA\AppData\Lo...}, fedcm:accounts: true, goog:chromeOptions: {debuggerAddress: localhost:9222}, goog:processID: 6544, networkConnectionEnabled: false, pageLoadStrategy: normal, platformName: windows, proxy: Proxy(), se:cdp: ws://localhost:9222/devtool..., se:cdpVersion: 148.0.7778.168, setWindowRect: true, strictFileInteractability: false, timeouts: {implicit: 0, pageLoad: 300000, script: 30000}, unhandledPromptBehavior: dismiss and notify, webauthn:extension:credBlob: true, webauthn:extension:largeBlob: true, webauthn:extension:minPinLength: true, webauthn:extension:prf: true, webauthn:virtualAuthenticators: true}
Session ID: b5f9fa89636299b20bb891e4ed0d2813]]>
            </message>
            <full-stacktrace>
              <![CDATA[org.openqa.selenium.NoSuchElementException: no such element: Unable to locate element: {"method":"xpath","selector":"//*[@id="root"]/div/div/form/div[1]/input"}
  (Session info: chrome=148.0.7778.168)
For documentation on this error, please visit: https://www.selenium.dev/documentation/webdriver/troubleshooting/errors#no-such-element-exception
Build info: version: '4.21.0', revision: '79ed462ef4'
System info: os.name: 'Windows 10', os.arch: 'amd64', os.version: '10.0', java.version: '23.0.1'
Driver info: org.openqa.selenium.chrome.ChromeDriver
Command: [b5f9fa89636299b20bb891e4ed0d2813, findElement {using=xpath, value=//*[@id="root"]/div/div/form/div[1]/input}]
Capabilities {acceptInsecureCerts: false, browserName: chrome, browserVersion: 148.0.7778.168, chrome: {chromedriverVersion: 148.0.7778.167 (65db666ac2c..., userDataDir: C:\Users\TOSHIBA\AppData\Lo...}, fedcm:accounts: true, goog:chromeOptions: {debuggerAddress: localhost:9222}, goog:processID: 6544, networkConnectionEnabled: false, pageLoadStrategy: normal, platformName: windows, proxy: Proxy(), se:cdp: ws://localhost:9222/devtool..., se:cdpVersion: 148.0.7778.168, setWindowRect: true, strictFileInteractability: false, timeouts: {implicit: 0, pageLoad: 300000, script: 30000}, unhandledPromptBehavior: dismiss and notify, webauthn:extension:credBlob: true, webauthn:extension:largeBlob: true, webauthn:extension:minPinLength: true, webauthn:extension:prf: true, webauthn:virtualAuthenticators: true}
Session ID: b5f9fa89636299b20bb891e4ed0d2813
at java.base/jdk.internal.reflect.DirectConstructorHandleAccessor.newInstance(DirectConstructorHandleAccessor.java:62)
at java.base/java.lang.reflect.Constructor.newInstanceWithCaller(Constructor.java:501)
at java.base/java.lang.reflect.Constructor.newInstance(Constructor.java:485)
at org.openqa.selenium.remote.ErrorCodec.decode(ErrorCodec.java:167)
at org.openqa.selenium.remote.codec.w3c.W3CHttpResponseCodec.decode(W3CHttpResponseCodec.java:138)
at org.openqa.selenium.remote.codec.w3c.W3CHttpResponseCodec.decode(W3CHttpResponseCodec.java:50)
at org.openqa.selenium.remote.HttpCommandExecutor.execute(HttpCommandExecutor.java:190)
at org.openqa.selenium.remote.service.DriverCommandExecutor.invokeExecute(DriverCommandExecutor.java:216)
at org.openqa.selenium.remote.service.DriverCommandExecutor.execute(DriverCommandExecutor.java:174)
at org.openqa.selenium.remote.RemoteWebDriver.execute(RemoteWebDriver.java:518)
at org.openqa.selenium.remote.ElementLocation$ElementFinder$2.findElement(ElementLocation.java:165)
at org.openqa.selenium.remote.ElementLocation.findElement(ElementLocation.java:59)
at org.openqa.selenium.remote.RemoteWebDriver.findElement(RemoteWebDriver.java:355)
at org.openqa.selenium.remote.RemoteWebDriver.findElement(RemoteWebDriver.java:349)
at com.resireport.pages.LoginPage.ingresarCorreo(LoginPage.java:29)
at com.resireport.tests.LoginTest.loginAdmin(LoginTest.java:22)
at java.base/jdk.internal.reflect.DirectMethodHandleAccessor.invoke(DirectMethodHandleAccessor.java:103)
at java.base/java.lang.reflect.Method.invoke(Method.java:580)
at org.testng.internal.invokers.MethodInvocationHelper.invokeMethod(MethodInvocationHelper.java:141)
at org.testng.internal.invokers.TestInvoker.invokeMethod(TestInvoker.java:686)
at org.testng.internal.invokers.TestInvoker.invokeTestMethod(TestInvoker.java:230)
at org.testng.internal.invokers.MethodRunner.runInSequence(MethodRunner.java:63)
at org.testng.internal.invokers.TestInvoker$MethodInvocationAgent.invoke(TestInvoker.java:992)
at org.testng.internal.invokers.TestInvoker.invokeTestMethods(TestInvoker.java:203)
at org.testng.internal.invokers.TestMethodWorker.invokeTestMethods(TestMethodWorker.java:154)
at org.testng.internal.invokers.TestMethodWorker.run(TestMethodWorker.java:134)
at java.base/java.util.ArrayList.forEach(ArrayList.java:1597)
at org.testng.TestRunner.privateRun(TestRunner.java:739)
at org.testng.TestRunner.run(TestRunner.java:614)
at org.testng.SuiteRunner.runTest(SuiteRunner.java:421)
at org.testng.SuiteRunner.runSequentially(SuiteRunner.java:413)
at org.testng.SuiteRunner.privateRun(SuiteRunner.java:373)
at org.testng.SuiteRunner.run(SuiteRunner.java:312)
at org.testng.SuiteRunnerWorker.runSuite(SuiteRunnerWorker.java:52)
at org.testng.SuiteRunnerWorker.run(SuiteRunnerWorker.java:95)
at org.testng.TestNG.runSuitesSequentially(TestNG.java:1274)
at org.testng.TestNG.runSuitesLocally(TestNG.java:1208)
at org.testng.TestNG.runSuites(TestNG.java:1112)
at org.testng.TestNG.run(TestNG.java:1079)
at org.apache.maven.surefire.testng.TestNGExecutor.run(TestNGExecutor.java:155)
at org.apache.maven.surefire.testng.TestNGDirectoryTestSuite.executeMulti(TestNGDirectoryTestSuite.java:169)
at org.apache.maven.surefire.testng.TestNGDirectoryTestSuite.execute(TestNGDirectoryTestSuite.java:88)
at org.apache.maven.surefire.testng.TestNGProvider.invoke(TestNGProvider.java:137)
at org.apache.maven.surefire.booter.ForkedBooter.runSuitesInProcess(ForkedBooter.java:385)
at org.apache.maven.surefire.booter.ForkedBooter.execute(ForkedBooter.java:162)
at org.apache.maven.surefire.booter.ForkedBooter.run(ForkedBooter.java:507)
at org.apache.maven.surefire.booter.ForkedBooter.main(ForkedBooter.java:495)
]]>
            </full-stacktrace>
          </exception> <!-- org.openqa.selenium.NoSuchElementException -->
          <reporter-output>
          </reporter-output>
        </test-method> <!-- loginAdmin -->
        <test-method is-config="true" signature="tearDown()[pri:0, instance:com.resireport.tests.LoginTest@6e171cd7]" started-at="2026-05-16T11:01:25 COT" name="tearDown" finished-at="2026-05-16T11:01:26 COT" duration-ms="308" status="PASS">
          <reporter-output>
          </reporter-output>
        </test-method> <!-- tearDown -->
        <test-method is-config="true" signature="setUp()[pri:0, instance:com.resireport.tests.LoginTest@6e171cd7]" started-at="2026-05-16T11:01:26 COT" name="setUp" finished-at="2026-05-16T11:01:29 COT" duration-ms="3451" status="PASS">
          <reporter-output>
          </reporter-output>
        </test-method> <!-- setUp -->
        <test-method signature="loginFallido()[pri:0, instance:com.resireport.tests.LoginTest@6e171cd7]" started-at="2026-05-16T11:01:29 COT" name="loginFallido" finished-at="2026-05-16T11:01:43 COT" duration-ms="13973" status="PASS">
          <reporter-output>
          </reporter-output>
        </test-method> <!-- loginFallido -->
        <test-method is-config="true" signature="tearDown()[pri:0, instance:com.resireport.tests.LoginTest@6e171cd7]" started-at="2026-05-16T11:01:43 COT" name="tearDown" finished-at="2026-05-16T11:01:44 COT" duration-ms="711" status="PASS">
          <reporter-output>
          </reporter-output>
        </test-method> <!-- tearDown -->
      </class> <!-- com.resireport.tests.LoginTest -->
      <class name="com.resireport.tests.EditarEstadoDenunciaTest">
        <test-method is-config="true" signature="setUp()[pri:0, instance:com.resireport.tests.EditarEstadoDenunciaTest@498d318c]" started-at="2026-05-16T11:00:36 COT" name="setUp" finished-at="2026-05-16T11:00:41 COT" duration-ms="5114" status="PASS">
          <reporter-output>
          </reporter-output>
        </test-method> <!-- setUp -->
        <test-method signature="editarEstadoDenunciaRegistrada()[pri:0, instance:com.resireport.tests.EditarEstadoDenunciaTest@498d318c]" started-at="2026-05-16T11:00:41 COT" name="editarEstadoDenunciaRegistrada" finished-at="2026-05-16T11:01:19 COT" duration-ms="37742" status="PASS">
          <reporter-output>
          </reporter-output>
        </test-method> <!-- editarEstadoDenunciaRegistrada -->
        <test-method is-config="true" signature="tearDown()[pri:0, instance:com.resireport.tests.EditarEstadoDenunciaTest@498d318c]" started-at="2026-05-16T11:01:19 COT" name="tearDown" finished-at="2026-05-16T11:01:20 COT" duration-ms="626" status="PASS">
          <reporter-output>
          </reporter-output>
        </test-method> <!-- tearDown -->
      </class> <!-- com.resireport.tests.EditarEstadoDenunciaTest -->
    </test> <!-- Surefire test -->
  </suite> <!-- Surefire suite -->
</testng-results>
